17:49:15,334  INFO ClassPathXmlApplicationContext:510 - Refreshing org.springframework.context.support.ClassPathXmlApplicationContext@15b3bfc5: startup date [Sat Oct 22 17:49:15 CST 2016]; root of context hierarchy
17:49:15,552  INFO XmlBeanDefinitionReader:317 - Loading XML bean definitions from class path resource [applicationContext.xml]
17:49:17,214  INFO PropertySourcesPlaceholderConfigurer:172 - Loading properties file from class path resource [oracle.jdbc.properties]
17:49:18,025  INFO DriverManagerDataSource:133 - Loaded JDBC driver: oracle.jdbc.OracleDriver
17:49:18,368 DEBUG BasicTypeRegistry:146 - Adding type registration boolean -> org.hibernate.type.BooleanType@33d5cdd
17:49:18,368 DEBUG BasicTypeRegistry:146 - Adding type registration boolean -> org.hibernate.type.BooleanType@33d5cdd
17:49:18,368 DEBUG BasicTypeRegistry:146 - Adding type registration java.lang.Boolean -> org.hibernate.type.BooleanType@33d5cdd
17:49:18,368 DEBUG BasicTypeRegistry:146 - Adding type registration numeric_boolean -> org.hibernate.type.NumericBooleanType@40964955
17:49:18,384 DEBUG BasicTypeRegistry:146 - Adding type registration true_false -> org.hibernate.type.TrueFalseType@25eb91c6
17:49:18,384 DEBUG BasicTypeRegistry:146 - Adding type registration yes_no -> org.hibernate.type.YesNoType@2845836a
17:49:18,384 DEBUG BasicTypeRegistry:146 - Adding type registration byte -> org.hibernate.type.ByteType@43350e24
17:49:18,384 DEBUG BasicTypeRegistry:146 - Adding type registration byte -> org.hibernate.type.ByteType@43350e24
17:49:18,399 DEBUG BasicTypeRegistry:146 - Adding type registration java.lang.Byte -> org.hibernate.type.ByteType@43350e24
17:49:18,399 DEBUG BasicTypeRegistry:146 - Adding type registration character -> org.hibernate.type.CharacterType@121df480
17:49:18,399 DEBUG BasicTypeRegistry:146 - Adding type registration char -> org.hibernate.type.CharacterType@121df480
17:49:18,399 DEBUG BasicTypeRegistry:146 - Adding type registration java.lang.Character -> org.hibernate.type.CharacterType@121df480
17:49:18,415 DEBUG BasicTypeRegistry:146 - Adding type registration short -> org.hibernate.type.ShortType@7e879140
17:49:18,415 DEBUG BasicTypeRegistry:146 - Adding type registration short -> org.hibernate.type.ShortType@7e879140
17:49:18,415 DEBUG BasicTypeRegistry:146 - Adding type registration java.lang.Short -> org.hibernate.type.ShortType@7e879140
17:49:18,415 DEBUG BasicTypeRegistry:146 - Adding type registration integer -> org.hibernate.type.IntegerType@17d0312b
17:49:18,415 DEBUG BasicTypeRegistry:146 - Adding type registration int -> org.hibernate.type.IntegerType@17d0312b
17:49:18,415 DEBUG BasicTypeRegistry:146 - Adding type registration java.lang.Integer -> org.hibernate.type.IntegerType@17d0312b
17:49:18,431 DEBUG BasicTypeRegistry:146 - Adding type registration long -> org.hibernate.type.LongType@2ba6ac4c
17:49:18,431 DEBUG BasicTypeRegistry:146 - Adding type registration long -> org.hibernate.type.LongType@2ba6ac4c
17:49:18,431 DEBUG BasicTypeRegistry:146 - Adding type registration java.lang.Long -> org.hibernate.type.LongType@2ba6ac4c
17:49:18,446 DEBUG BasicTypeRegistry:146 - Adding type registration float -> org.hibernate.type.FloatType@26ec5a6
17:49:18,446 DEBUG BasicTypeRegistry:146 - Adding type registration float -> org.hibernate.type.FloatType@26ec5a6
17:49:18,446 DEBUG BasicTypeRegistry:146 - Adding type registration java.lang.Float -> org.hibernate.type.FloatType@26ec5a6
17:49:18,446 DEBUG BasicTypeRegistry:146 - Adding type registration double -> org.hibernate.type.DoubleType@7e7944d5
17:49:18,446 DEBUG BasicTypeRegistry:146 - Adding type registration double -> org.hibernate.type.DoubleType@7e7944d5
17:49:18,446 DEBUG BasicTypeRegistry:146 - Adding type registration java.lang.Double -> org.hibernate.type.DoubleType@7e7944d5
17:49:18,462 DEBUG BasicTypeRegistry:146 - Adding type registration big_decimal -> org.hibernate.type.BigDecimalType@2297f1ff
17:49:18,462 DEBUG BasicTypeRegistry:146 - Adding type registration java.math.BigDecimal -> org.hibernate.type.BigDecimalType@2297f1ff
17:49:18,462 DEBUG BasicTypeRegistry:146 - Adding type registration big_integer -> org.hibernate.type.BigIntegerType@60627b73
17:49:18,462 DEBUG BasicTypeRegistry:146 - Adding type registration java.math.BigInteger -> org.hibernate.type.BigIntegerType@60627b73
17:49:18,462 DEBUG BasicTypeRegistry:146 - Adding type registration string -> org.hibernate.type.StringType@5178d5c1
17:49:18,462 DEBUG BasicTypeRegistry:146 - Adding type registration java.lang.String -> org.hibernate.type.StringType@5178d5c1
17:49:18,477 DEBUG BasicTypeRegistry:146 - Adding type registration nstring -> org.hibernate.type.StringNVarcharType@17f35451
17:49:18,477 DEBUG BasicTypeRegistry:146 - Adding type registration ncharacter -> org.hibernate.type.CharacterNCharType@413ab162
17:49:18,477 DEBUG BasicTypeRegistry:146 - Adding type registration url -> org.hibernate.type.UrlType@1c8f53b9
17:49:18,477 DEBUG BasicTypeRegistry:146 - Adding type registration java.net.URL -> org.hibernate.type.UrlType@1c8f53b9
17:49:18,493 DEBUG BasicTypeRegistry:146 - Adding type registration date -> org.hibernate.type.DateType@4f74843e
17:49:18,493 DEBUG BasicTypeRegistry:146 - Adding type registration java.sql.Date -> org.hibernate.type.DateType@4f74843e
17:49:18,493 DEBUG BasicTypeRegistry:146 - Adding type registration time -> org.hibernate.type.TimeType@52d1ce4c
17:49:18,493 DEBUG BasicTypeRegistry:146 - Adding type registration java.sql.Time -> org.hibernate.type.TimeType@52d1ce4c
17:49:18,509 DEBUG BasicTypeRegistry:146 - Adding type registration timestamp -> org.hibernate.type.TimestampType@48788e31
17:49:18,509 DEBUG BasicTypeRegistry:146 - Adding type registration java.sql.Timestamp -> org.hibernate.type.TimestampType@48788e31
17:49:18,509 DEBUG BasicTypeRegistry:146 - Adding type registration java.util.Date -> org.hibernate.type.TimestampType@48788e31
17:49:18,509 DEBUG BasicTypeRegistry:146 - Adding type registration dbtimestamp -> org.hibernate.type.DbTimestampType@668d65b9
17:49:18,509 DEBUG BasicTypeRegistry:146 - Adding type registration calendar -> org.hibernate.type.CalendarType@6127215f
17:49:18,509 DEBUG BasicTypeRegistry:146 - Adding type registration java.util.Calendar -> org.hibernate.type.CalendarType@6127215f
17:49:18,509 DEBUG BasicTypeRegistry:146 - Adding type registration java.util.GregorianCalendar -> org.hibernate.type.CalendarType@6127215f
17:49:18,524 DEBUG BasicTypeRegistry:146 - Adding type registration calendar_date -> org.hibernate.type.CalendarDateType@7a7cbb68
17:49:18,524 DEBUG BasicTypeRegistry:146 - Adding type registration locale -> org.hibernate.type.LocaleType@57184345
17:49:18,524 DEBUG BasicTypeRegistry:146 - Adding type registration java.util.Locale -> org.hibernate.type.LocaleType@57184345
17:49:18,524 DEBUG BasicTypeRegistry:146 - Adding type registration currency -> org.hibernate.type.CurrencyType@6293c69
17:49:18,524 DEBUG BasicTypeRegistry:146 - Adding type registration java.util.Currency -> org.hibernate.type.CurrencyType@6293c69
17:49:18,540 DEBUG BasicTypeRegistry:146 - Adding type registration timezone -> org.hibernate.type.TimeZoneType@61e118f9
17:49:18,540 DEBUG BasicTypeRegistry:146 - Adding type registration java.util.TimeZone -> org.hibernate.type.TimeZoneType@61e118f9
17:49:18,540 DEBUG BasicTypeRegistry:146 - Adding type registration class -> org.hibernate.type.ClassType@3d26c673
17:49:18,540 DEBUG BasicTypeRegistry:146 - Adding type registration java.lang.Class -> org.hibernate.type.ClassType@3d26c673
17:49:18,540 DEBUG BasicTypeRegistry:146 - Adding type registration uuid-binary -> org.hibernate.type.UUIDBinaryType@6c8b1edd
17:49:18,555 DEBUG BasicTypeRegistry:146 - Adding type registration java.util.UUID -> org.hibernate.type.UUIDBinaryType@6c8b1edd
17:49:18,555 DEBUG BasicTypeRegistry:146 - Adding type registration uuid-char -> org.hibernate.type.UUIDCharType@397f1661
17:49:18,555 DEBUG BasicTypeRegistry:146 - Adding type registration pg-uuid -> org.hibernate.type.PostgresUUIDType@6eee1e2
17:49:18,555 DEBUG BasicTypeRegistry:146 - Adding type registration binary -> org.hibernate.type.BinaryType@316c4f11
17:49:18,555 DEBUG BasicTypeRegistry:146 - Adding type registration byte[] -> org.hibernate.type.BinaryType@316c4f11
17:49:18,555 DEBUG BasicTypeRegistry:146 - Adding type registration [B -> org.hibernate.type.BinaryType@316c4f11
17:49:18,571 DEBUG BasicTypeRegistry:146 - Adding type registration wrapper-binary -> org.hibernate.type.WrapperBinaryType@60bd76d7
17:49:18,571 DEBUG BasicTypeRegistry:146 - Adding type registration Byte[] -> org.hibernate.type.WrapperBinaryType@60bd76d7
17:49:18,571 DEBUG BasicTypeRegistry:146 - Adding type registration [Ljava.lang.Byte; -> org.hibernate.type.WrapperBinaryType@60bd76d7
17:49:18,571 DEBUG BasicTypeRegistry:146 - Adding type registration image -> org.hibernate.type.ImageType@3c7659ab
17:49:18,571 DEBUG BasicTypeRegistry:146 - Adding type registration characters -> org.hibernate.type.CharArrayType@67222d1
17:49:18,571 DEBUG BasicTypeRegistry:146 - Adding type registration char[] -> org.hibernate.type.CharArrayType@67222d1
17:49:18,571 DEBUG BasicTypeRegistry:146 - Adding type registration [C -> org.hibernate.type.CharArrayType@67222d1
17:49:18,587 DEBUG BasicTypeRegistry:146 - Adding type registration wrapper-characters -> org.hibernate.type.CharacterArrayType@7bac9f86
17:49:18,587 DEBUG BasicTypeRegistry:146 - Adding type registration [Ljava.lang.Character; -> org.hibernate.type.CharacterArrayType@7bac9f86
17:49:18,587 DEBUG BasicTypeRegistry:146 - Adding type registration Character[] -> org.hibernate.type.CharacterArrayType@7bac9f86
17:49:18,587 DEBUG BasicTypeRegistry:146 - Adding type registration text -> org.hibernate.type.TextType@16d96b45
17:49:18,587 DEBUG BasicTypeRegistry:146 - Adding type registration ntext -> org.hibernate.type.NTextType@569f129d
17:49:18,618 DEBUG BasicTypeRegistry:146 - Adding type registration blob -> org.hibernate.type.BlobType@57b35b1e
17:49:18,618 DEBUG BasicTypeRegistry:146 - Adding type registration java.sql.Blob -> org.hibernate.type.BlobType@57b35b1e
17:49:18,618 DEBUG BasicTypeRegistry:146 - Adding type registration materialized_blob -> org.hibernate.type.MaterializedBlobType@3d9ea9ad
17:49:18,633 DEBUG BasicTypeRegistry:146 - Adding type registration clob -> org.hibernate.type.ClobType@667be3f8
17:49:18,633 DEBUG BasicTypeRegistry:146 - Adding type registration java.sql.Clob -> org.hibernate.type.ClobType@667be3f8
17:49:18,649 DEBUG BasicTypeRegistry:146 - Adding type registration nclob -> org.hibernate.type.NClobType@6fac1b8f
17:49:18,649 DEBUG BasicTypeRegistry:146 - Adding type registration java.sql.NClob -> org.hibernate.type.NClobType@6fac1b8f
17:49:18,649 DEBUG BasicTypeRegistry:146 - Adding type registration materialized_clob -> org.hibernate.type.MaterializedClobType@2fbaeeb0
17:49:18,649 DEBUG BasicTypeRegistry:146 - Adding type registration materialized_nclob -> org.hibernate.type.MaterializedNClobType@5bdfcc0e
17:49:18,665 DEBUG BasicTypeRegistry:146 - Adding type registration serializable -> org.hibernate.type.SerializableType@7a03a07a
17:49:18,680 DEBUG BasicTypeRegistry:146 - Adding type registration object -> org.hibernate.type.ObjectType@3c0ed339
17:49:18,680 DEBUG BasicTypeRegistry:146 - Adding type registration java.lang.Object -> org.hibernate.type.ObjectType@3c0ed339
17:49:18,680 DEBUG BasicTypeRegistry:146 - Adding type registration imm_date -> org.hibernate.type.AdaptedImmutableType@1d2588d9
17:49:18,680 DEBUG BasicTypeRegistry:146 - Adding type registration imm_time -> org.hibernate.type.AdaptedImmutableType@b3b6d82
17:49:18,680 DEBUG BasicTypeRegistry:146 - Adding type registration imm_timestamp -> org.hibernate.type.AdaptedImmutableType@6a927790
17:49:18,680 DEBUG BasicTypeRegistry:146 - Adding type registration imm_dbtimestamp -> org.hibernate.type.AdaptedImmutableType@35e7c599
17:49:18,680 DEBUG BasicTypeRegistry:146 - Adding type registration imm_calendar -> org.hibernate.type.AdaptedImmutableType@35ddb75
17:49:18,680 DEBUG BasicTypeRegistry:146 - Adding type registration imm_calendar_date -> org.hibernate.type.AdaptedImmutableType@6f2e00d
17:49:18,680 DEBUG BasicTypeRegistry:146 - Adding type registration imm_binary -> org.hibernate.type.AdaptedImmutableType@3353790b
17:49:18,680 DEBUG BasicTypeRegistry:146 - Adding type registration imm_serializable -> org.hibernate.type.AdaptedImmutableType@2d2fdb80
17:49:18,758  INFO Version:66 - HCANN000001: Hibernate Commons Annotations {4.0.4.Final}
17:49:18,789  INFO Version:54 - HHH000412: Hibernate Core {4.3.1.Final}
17:49:18,789  INFO Environment:239 - HHH000206: hibernate.properties not found
17:49:18,805  INFO Environment:346 - HHH000021: Bytecode provider name : javassist
17:49:18,836 DEBUG DefaultIdentifierGeneratorFactory:93 - Registering IdentifierGenerator strategy [uuid2] -> [org.hibernate.id.UUIDGenerator]
17:49:18,836 DEBUG DefaultIdentifierGeneratorFactory:93 - Registering IdentifierGenerator strategy [guid] -> [org.hibernate.id.GUIDGenerator]
17:49:18,836 DEBUG DefaultIdentifierGeneratorFactory:93 - Registering IdentifierGenerator strategy [uuid] -> [org.hibernate.id.UUIDHexGenerator]
17:49:18,836 DEBUG DefaultIdentifierGeneratorFactory:93 - Registering IdentifierGenerator strategy [uuid.hex] -> [org.hibernate.id.UUIDHexGenerator]
17:49:18,852 DEBUG DefaultIdentifierGeneratorFactory:93 - Registering IdentifierGenerator strategy [hilo] -> [org.hibernate.id.TableHiLoGenerator]
17:49:18,852 DEBUG DefaultIdentifierGeneratorFactory:93 - Registering IdentifierGenerator strategy [assigned] -> [org.hibernate.id.Assigned]
17:49:18,852 DEBUG DefaultIdentifierGeneratorFactory:93 - Registering IdentifierGenerator strategy [identity] -> [org.hibernate.id.IdentityGenerator]
17:49:18,852 DEBUG DefaultIdentifierGeneratorFactory:93 - Registering IdentifierGenerator strategy [select] -> [org.hibernate.id.SelectGenerator]
17:49:18,852 DEBUG DefaultIdentifierGeneratorFactory:93 - Registering IdentifierGenerator strategy [sequence] -> [org.hibernate.id.SequenceGenerator]
17:49:18,852 DEBUG DefaultIdentifierGeneratorFactory:93 - Registering IdentifierGenerator strategy [seqhilo] -> [org.hibernate.id.SequenceHiLoGenerator]
17:49:18,867 DEBUG DefaultIdentifierGeneratorFactory:93 - Registering IdentifierGenerator strategy [increment] -> [org.hibernate.id.IncrementGenerator]
17:49:18,867 DEBUG DefaultIdentifierGeneratorFactory:93 - Registering IdentifierGenerator strategy [foreign] -> [org.hibernate.id.ForeignGenerator]
17:49:18,867 DEBUG DefaultIdentifierGeneratorFactory:93 - Registering IdentifierGenerator strategy [sequence-identity] -> [org.hibernate.id.SequenceIdentityGenerator]
17:49:18,867 DEBUG DefaultIdentifierGeneratorFactory:93 - Registering IdentifierGenerator strategy [enhanced-sequence] -> [org.hibernate.id.enhanced.SequenceStyleGenerator]
17:49:18,867 DEBUG DefaultIdentifierGeneratorFactory:93 - Registering IdentifierGenerator strategy [enhanced-table] -> [org.hibernate.id.enhanced.TableGenerator]
17:49:18,883  INFO Configuration:2109 - HHH000044: Configuring from URL: file:/D:/idea2016WK/javaee7out/default/production/javaee7tools2016.10/hibernate.cfg.xml
17:49:18,980 DEBUG DTDEntityResolver:69 - Trying to resolve system-id [http://www.hibernate.org/dtd/hibernate-configuration-3.0.dtd]
17:49:18,995 DEBUG DTDEntityResolver:71 - Recognized hibernate namespace; attempting to resolve on classpath under org/hibernate/
17:49:18,995 DEBUG DTDEntityResolver:108 - Located [http://www.hibernate.org/dtd/hibernate-configuration-3.0.dtd] in classpath
17:49:19,026 DEBUG Configuration:2274 - Session-factory config [null] named class [qin.javaee7.hibernate.domain.JavaEE7PO] for mapping
17:49:19,058  INFO Configuration:2214 - HHH000041: Configured SessionFactory: null
17:49:19,058 DEBUG Configuration:2215 - Properties: {java.runtime.name=Java(TM) SE Runtime Environment, sun.boot.library.path=E:\software\jdk1.7x64\jre\bin, java.vm.version=24.45-b08, java.vm.vendor=Oracle Corporation, java.vendor.url=http://java.oracle.com/, path.separator=;, java.vm.name=Java HotSpot(TM) 64-Bit Server VM, file.encoding.pkg=sun.io, user.script=, user.country=CN, sun.java.launcher=SUN_STANDARD, sun.os.patch.level=Service Pack 1, java.vm.specification.name=Java Virtual Machine Specification, user.dir=D:\idea2016WK\javaee7tools2016.10, java.runtime.version=1.7.0_45-b18, java.awt.graphicsenv=sun.awt.Win32GraphicsEnvironment, hibernate.current_session_context_class=org.springframework.orm.hibernate4.SpringSessionContext, java.endorsed.dirs=E:\software\jdk1.7x64\jre\lib\endorsed, os.arch=amd64, java.io.tmpdir=C:\Users\ADMINI~1\AppData\Local\Temp\, line.separator=
, java.vm.specification.vendor=Oracle Corporation, user.variant=, os.name=Windows 7, sun.jnu.encoding=GBK, hibernate.connection.datasource=org.springframework.jdbc.datasource.DriverManagerDataSource@7ea8ad98, java.library.path=E:\software\jdk1.7x64\bin;C:\Windows\Sun\Java\bin;C:\Windows\system32;C:\Windows;d:\app\Administrator\product\12.1.0\dbhome_1\bin;C:\Windows\system32;C:\Windows;C:\Windows\System32\Wbem;C:\Windows\System32\WindowsPowerShell\v1.0\;C:\Program Files (x86)\ATI Technologies\ATI.ACE\Core-Static;E:\software\jdk1.8x64\jdk\bin;E:\software\maven0339\bin;C:\Program Files\TortoiseSVN\bin;E:\software\visual_svn\bin;C:\Program Files (x86)\Microsoft SQL Server\110\DTS\Binn\;C:\Program Files (x86)\Microsoft SQL Server\110\Tools\Binn\;C:\Program Files (x86)\Microsoft SQL Server\110\Tools\Binn\ManagementStudio\;C:\Program Files (x86)\Microsoft Visual Studio 10.0\Common7\IDE\PrivateAssemblies\;C:\Program Files (x86)\Windows Kits\8.1\Windows Performance Toolkit\;C:\Program Files\Microsoft SQL Server\110\Tools\Binn\;C:\Program Files\TortoiseGit\bin;D:\xampps\perl\bin\;C:\Program Files\MySQL\MySQL Utilities 1.6\;C:\Program Files (x86)\Microsoft VS Code\bin;C:\Users\Administrator\AppData\Local\atom\bin;., java.specification.name=Java Platform API Specification, java.class.version=51.0, sun.management.compiler=HotSpot 64-Bit Tiered Compilers, os.version=6.1, user.home=C:\Users\Administrator, user.timezone=Asia/Shanghai, java.awt.printerjob=sun.awt.windows.WPrinterJob, file.encoding=UTF-8, java.specification.version=1.7, java.class.path=E:\software\jetbrains\IntelliJ IDEA 2016.2.4\lib\idea_rt.jar;E:\software\jetbrains\IntelliJ IDEA 2016.2.4\plugins\junit\lib\junit-rt.jar;E:\software\jdk1.7x64\jre\lib\charsets.jar;E:\software\jdk1.7x64\jre\lib\deploy.jar;E:\software\jdk1.7x64\jre\lib\ext\access-bridge-64.jar;E:\software\jdk1.7x64\jre\lib\ext\dnsns.jar;E:\software\jdk1.7x64\jre\lib\ext\jaccess.jar;E:\software\jdk1.7x64\jre\lib\ext\localedata.jar;E:\software\jdk1.7x64\jre\lib\ext\sunec.jar;E:\software\jdk1.7x64\jre\lib\ext\sunjce_provider.jar;E:\software\jdk1.7x64\jre\lib\ext\sunmscapi.jar;E:\software\jdk1.7x64\jre\lib\ext\zipfs.jar;E:\software\jdk1.7x64\jre\lib\javaws.jar;E:\software\jdk1.7x64\jre\lib\jce.jar;E:\software\jdk1.7x64\jre\lib\jfr.jar;E:\software\jdk1.7x64\jre\lib\jfxrt.jar;E:\software\jdk1.7x64\jre\lib\jsse.jar;E:\software\jdk1.7x64\jre\lib\management-agent.jar;E:\software\jdk1.7x64\jre\lib\plugin.jar;E:\software\jdk1.7x64\jre\lib\resources.jar;E:\software\jdk1.7x64\jre\lib\rt.jar;D:\idea2016WK\javaee7out\default\test\javaee7tools2016.10;D:\idea2016WK\javaee7out\default\production\javaee7tools2016.10;E:\software\java_jars\Jar\tomcat6_7_8\7\tomcat7x64_idea\lib\jsp-api.jar;E:\software\java_jars\Jar\tomcat6_7_8\7\tomcat7x64_idea\lib\servlet-api.jar;D:\idea2016WK\libs\antlr-2.7.7.jar;D:\idea2016WK\libs\aopalliance-1.0.jar;D:\idea2016WK\libs\asm-3.3.jar;D:\idea2016WK\libs\asm-commons-3.3.jar;D:\idea2016WK\libs\asm-tree-3.3.jar;D:\idea2016WK\libs\aspectjweaver-1.8.5.jar;D:\idea2016WK\libs\commons-beanutils-1.8.0.jar;D:\idea2016WK\libs\commons-collections-3.2.1.jar;D:\idea2016WK\libs\commons-fileupload-1.3.jar;D:\idea2016WK\libs\commons-io-2.2.jar;D:\idea2016WK\libs\commons-lang-2.5.jar;D:\idea2016WK\libs\commons-logging-1.2.jar;D:\idea2016WK\libs\dom4j-1.6.1.jar;D:\idea2016WK\libs\ezmorph-1.0.6.jar;D:\idea2016WK\libs\freemarker-2.3.19.jar;D:\idea2016WK\libs\hibernate-commons-annotations-4.0.4.Final.jar;D:\idea2016WK\libs\hibernate-core-4.3.1.Final.jar;D:\idea2016WK\libs\hibernate-jpa-2.1-api-1.0.0.Draft-16.jar;D:\idea2016WK\libs\jandex-1.1.0.Final.jar;D:\idea2016WK\libs\javassist-3.18.1-GA.jar;D:\idea2016WK\libs\jboss-logging-3.1.3.GA.jar;D:\idea2016WK\libs\jboss-logging-annotations-1.2.0.Beta1.jar;D:\idea2016WK\libs\jboss-transaction-api_1.2_spec-1.0.0.Final.jar;D:\idea2016WK\libs\json-lib-2.4-jdk15.jar;D:\idea2016WK\libs\log4j-1.2.17.jar;D:\idea2016WK\libs\mysql-connector-java-5.1.35-bin.jar;D:\idea2016WK\libs\ognl-3.0.6.jar;D:\idea2016WK\libs\oracle-driver-ojdbc-12.1.0.2.jar;D:\idea2016WK\libs\slf4j-api-1.7.10.jar;D:\idea2016WK\libs\slf4j-log4j12-1.7.10.jar;D:\idea2016WK\libs\spring-aop-4.1.6.RELEASE.jar;D:\idea2016WK\libs\spring-aspects-4.1.6.RELEASE.jar;D:\idea2016WK\libs\spring-beans-4.1.6.RELEASE.jar;D:\idea2016WK\libs\spring-context-4.1.6.RELEASE.jar;D:\idea2016WK\libs\spring-context-support-4.1.6.RELEASE.jar;D:\idea2016WK\libs\spring-core-4.1.6.RELEASE.jar;D:\idea2016WK\libs\spring-expression-4.1.6.RELEASE.jar;D:\idea2016WK\libs\spring-instrument-4.1.6.RELEASE.jar;D:\idea2016WK\libs\spring-instrument-tomcat-4.1.6.RELEASE.jar;D:\idea2016WK\libs\spring-jdbc-4.1.6.RELEASE.jar;D:\idea2016WK\libs\spring-jms-4.1.6.RELEASE.jar;D:\idea2016WK\libs\spring-messaging-4.1.6.RELEASE.jar;D:\idea2016WK\libs\spring-orm-4.1.6.RELEASE.jar;D:\idea2016WK\libs\spring-oxm-4.1.6.RELEASE.jar;D:\idea2016WK\libs\spring-test-4.1.6.RELEASE.jar;D:\idea2016WK\libs\spring-tx-4.1.6.RELEASE.jar;D:\idea2016WK\libs\spring-web-4.1.6.RELEASE.jar;D:\idea2016WK\libs\spring-webmvc-4.1.6.RELEASE.jar;D:\idea2016WK\libs\spring-webmvc-portlet-4.1.6.RELEASE.jar;D:\idea2016WK\libs\spring-websocket-4.1.6.RELEASE.jar;D:\idea2016WK\libs\struts2-core-2.3.16.jar;D:\idea2016WK\libs\struts2-json-plugin-2.3.16.jar;D:\idea2016WK\libs\struts2-spring-plugin-2.3.16.jar;D:\idea2016WK\libs\xml-apis-1.0.b2.jar;D:\idea2016WK\libs\xwork-core-2.3.16.jar;D:\idea2016WK\hamcrest-all-1.3.jar;D:\idea2016WK\junit-4.11.jar;D:\idea2016WK\javaee7out\default\production\hibernate-domain;D:\idea2016WK\javaee7out\default\production\javaee7-core, user.name=Administrator, hibernate.bytecode.use_reflection_optimizer=false, hibernate.classLoader.application=sun.misc.Launcher$AppClassLoader@4537ef34, java.vm.specification.version=1.7, sun.java.command=com.intellij.rt.execution.junit.JUnitStarter -ideVersion5 qin.javaee7.test.MakeDefaultTable,daoTest, java.home=E:\software\jdk1.7x64\jre, sun.arch.data.model=64, user.language=zh, java.specification.vendor=Oracle Corporation, awt.toolkit=sun.awt.windows.WToolkit, java.vm.info=mixed mode, java.version=1.7.0_45, java.ext.dirs=E:\software\jdk1.7x64\jre\lib\ext;C:\Windows\Sun\Java\lib\ext, sun.boot.class.path=E:\software\jdk1.7x64\jre\lib\resources.jar;E:\software\jdk1.7x64\jre\lib\rt.jar;E:\software\jdk1.7x64\jre\lib\sunrsasign.jar;E:\software\jdk1.7x64\jre\lib\jsse.jar;E:\software\jdk1.7x64\jre\lib\jce.jar;E:\software\jdk1.7x64\jre\lib\charsets.jar;E:\software\jdk1.7x64\jre\lib\jfr.jar;E:\software\jdk1.7x64\jre\classes, idea.junit.sm_runner=, java.vendor=Oracle Corporation, file.separator=\, java.vendor.url.bug=http://bugreport.sun.com/bugreport/, sun.io.unicode.encoding=UnicodeLittle, sun.cpu.endian=little, sun.desktop=windows, sun.cpu.isalist=amd64}
17:49:19,089 DEBUG IntegratorServiceImpl:63 - Adding Integrator [org.hibernate.cfg.beanvalidation.BeanValidationIntegrator].
17:49:19,104 DEBUG IntegratorServiceImpl:63 - Adding Integrator [org.hibernate.secure.spi.JaccIntegrator].
17:49:19,104 DEBUG IntegratorServiceImpl:63 - Adding Integrator [org.hibernate.cache.internal.CollectionCacheInvalidator].
17:49:19,167 DEBUG StrategySelectorImpl:79 - Registering named strategy selector [org.hibernate.dialect.Dialect] : [MySQL5] -> [org.hibernate.dialect.MySQL5Dialect] (replacing [org.hibernate.dialect.MySQL5Dialect])
17:49:19,167 DEBUG StrategySelectorImpl:79 - Registering named strategy selector [org.hibernate.dialect.Dialect] : [MySQL5InnoDB] -> [org.hibernate.dialect.MySQL5InnoDBDialect] (replacing [org.hibernate.dialect.MySQL5InnoDBDialect])
17:49:19,307 DEBUG ServiceBinding:85 - Overriding existing service binding [org.hibernate.secure.spi.JaccService]
17:49:19,307 DEBUG Configuration:1841 - Preparing to build session factory with filters : {}
17:49:20,373 DEBUG JdbcServicesImpl:128 - Database ->
       name : Oracle
    version : Oracle Database 11g Enterprise Edition Release 11.2.0.1.0 - Production
With the Partitioning, Oracle Label Security, OLAP, Data Mining,
Oracle Database Vault and Real Application Testing options
      major : 11
      minor : 2
17:49:20,373 DEBUG JdbcServicesImpl:139 - Driver ->
       name : Oracle JDBC driver
    version : 12.1.0.2.0
      major : 12
      minor : 1
17:49:20,373 DEBUG JdbcServicesImpl:150 - JDBC version : 4.1
17:49:21,013  INFO Dialect:145 - HHH000400: Using dialect: org.hibernate.dialect.Oracle10gDialect
17:49:21,153 DEBUG Configuration:3750 - Processing hbm.xml files
17:49:21,153 DEBUG Configuration:3780 - Process annotated classes
17:49:21,169 DEBUG AnnotationBinder:601 - Binding entity from annotated class: qin.javaee7.hibernate.domain.JavaEE7PO
17:49:21,247 DEBUG Ejb3Column:239 - Binding column: Ejb3DiscriminatorColumn{logicalColumnName'DTYPE', discriminatorTypeName='string'}
17:49:21,247 DEBUG AnnotationBinder:1185 - No value specified for 'javax.persistence.sharedCache.mode'; using UNSPECIFIED
17:49:21,278 DEBUG EntityBinder:397 - Import with entity name JavaEE7PO
17:49:21,278 DEBUG EntityBinder:586 - Bind entity qin.javaee7.hibernate.domain.JavaEE7PO on table javaee7_po
17:49:21,340 DEBUG Ejb3Column:239 - Binding column: Ejb3Column{table=org.hibernate.mapping.Table(javaee7_po), mappingColumn=id, insertable=true, updatable=true, unique=false}
17:49:21,356 DEBUG PropertyBinder:185 - MetadataSourceProcessor property id with lazy=false
17:49:21,356 DEBUG AbstractPropertyHolder:106 - Attempting to locate auto-apply AttributeConverter for property [qin.javaee7.hibernate.domain.JavaEE7PO:id]
17:49:21,356 DEBUG SimpleValueBinder:385 - building SimpleValue for id
17:49:21,371 DEBUG PropertyBinder:271 - Building property id
17:49:21,387 DEBUG SimpleValueBinder:422 - Starting fillSimpleValue for id
17:49:21,387 DEBUG Configuration:1482 - Processing fk mappings (*ToOne and JoinedSubclass)
17:49:21,387 DEBUG Configuration:1687 - Processing extends queue
17:49:21,387 DEBUG Configuration:1745 - Processing extends queue
17:49:21,387 DEBUG Configuration:1690 - Processing collection mappings
17:49:21,387 DEBUG Configuration:1700 - Processing native query and ResultSetMapping mappings
17:49:21,387 DEBUG Configuration:1708 - Processing association property references
17:49:21,387 DEBUG Configuration:1730 - Creating tables' unique integer identifiers
17:49:21,387 DEBUG Configuration:1731 - Processing foreign key constraints
17:49:21,387 DEBUG JtaPlatformInitiator:59 - No JtaPlatform was specified, checking resolver
17:49:21,403 DEBUG JtaPlatformResolverInitiator:50 - No JtaPlatformResolver was specified, using default [org.hibernate.engine.transaction.jta.platform.internal.StandardJtaPlatformResolver]
17:49:21,403 DEBUG StandardJtaPlatformResolver:118 - Could not resolve JtaPlatform, using default [org.hibernate.engine.transaction.jta.platform.internal.NoJtaPlatform]
17:49:21,418 DEBUG SettingsFactory:122 - Automatic flush during beforeCompletion(): disabled
17:49:21,418 DEBUG SettingsFactory:128 - Automatic session close at end of transaction: disabled
17:49:21,418 DEBUG SettingsFactory:139 - JDBC batch size: 15
17:49:21,418 DEBUG SettingsFactory:145 - JDBC batch updates for versioned data: disabled
17:49:21,418 DEBUG SettingsFactory:155 - Scrollable result sets: enabled
17:49:21,418 DEBUG SettingsFactory:161 - Wrap result sets: disabled
17:49:21,418 DEBUG SettingsFactory:167 - JDBC3 getGeneratedKeys(): disabled
17:49:21,418 DEBUG SettingsFactory:179 - multi-tenancy strategy : NONE
17:49:21,418 DEBUG SettingsFactory:185 - Connection release mode: auto
17:49:21,418  INFO TransactionFactoryInitiator:62 - HHH000399: Using default transaction strategy (direct JDBC transactions)
17:49:21,418 DEBUG SettingsFactory:207 - Using BatchFetchStyle : LEGACY
17:49:21,418 DEBUG SettingsFactory:232 - Default batch fetch size: 1
17:49:21,418 DEBUG SettingsFactory:238 - Generate SQL with comments: disabled
17:49:21,418 DEBUG SettingsFactory:244 - Order SQL updates by primary key: disabled
17:49:21,418 DEBUG SettingsFactory:250 - Order SQL inserts for batching: disabled
17:49:21,418 DEBUG SettingsFactory:258 - Default null ordering: none
17:49:21,434 DEBUG SettingsFactory:501 - Query translator: org.hibernate.hql.internal.ast.ASTQueryTranslatorFactory
17:49:21,434  INFO ASTQueryTranslatorFactory:47 - HHH000397: Using ASTQueryTranslatorFactory
17:49:21,434 DEBUG SettingsFactory:268 - Query language substitutions: {}
17:49:21,434 DEBUG SettingsFactory:274 - JPA-QL strict compliance: disabled
17:49:21,434 DEBUG SettingsFactory:282 - Second-level cache: enabled
17:49:21,434 DEBUG SettingsFactory:288 - Query cache: disabled
17:49:21,449 DEBUG RegionFactoryInitiator:105 - Cache region factory : org.hibernate.cache.internal.NoCachingRegionFactory
17:49:21,449 DEBUG SettingsFactory:301 - Optimize cache for minimal puts: disabled
17:49:21,449 DEBUG SettingsFactory:316 - Structured second-level cache entries: disabled
17:49:21,449 DEBUG SettingsFactory:326 - Second-level cache direct-reference entries: disabled
17:49:21,449 DEBUG SettingsFactory:332 - Automatic eviction of collection cache: disabled
17:49:21,449 DEBUG SettingsFactory:340 - Statistics: disabled
17:49:21,449 DEBUG SettingsFactory:346 - Deleted entity synthetic identifier rollback: disabled
17:49:21,449 DEBUG SettingsFactory:373 - Default entity-mode: pojo
17:49:21,449 DEBUG SettingsFactory:379 - Named query checking : enabled
17:49:21,465 DEBUG SettingsFactory:385 - Check Nullability in Core (should be disabled when Bean Validation is on): enabled
17:49:21,465 DEBUG SettingsFactory:403 - Allow initialization of lazy state outside session : : disabled
17:49:21,465 DEBUG SettingsFactory:413 - JTA Track by Thread: enabled
17:49:21,481 DEBUG SessionFactoryImpl:228 - Building session factory
17:49:21,512 DEBUG SessionFactoryImpl:284 - Session factory constructed with filter configurations : {}
17:49:21,512 DEBUG SessionFactoryImpl:285 - Instantiating session factory with properties: {java.runtime.name=Java(TM) SE Runtime Environment, sun.boot.library.path=E:\software\jdk1.7x64\jre\bin, java.vm.version=24.45-b08, java.vm.vendor=Oracle Corporation, java.vendor.url=http://java.oracle.com/, path.separator=;, java.vm.name=Java HotSpot(TM) 64-Bit Server VM, file.encoding.pkg=sun.io, user.script=, user.country=CN, sun.java.launcher=SUN_STANDARD, sun.os.patch.level=Service Pack 1, java.vm.specification.name=Java Virtual Machine Specification, user.dir=D:\idea2016WK\javaee7tools2016.10, java.runtime.version=1.7.0_45-b18, java.awt.graphicsenv=sun.awt.Win32GraphicsEnvironment, hibernate.current_session_context_class=org.springframework.orm.hibernate4.SpringSessionContext, java.endorsed.dirs=E:\software\jdk1.7x64\jre\lib\endorsed, os.arch=amd64, java.io.tmpdir=C:\Users\ADMINI~1\AppData\Local\Temp\, line.separator=
, java.vm.specification.vendor=Oracle Corporation, user.variant=, os.name=Windows 7, sun.jnu.encoding=GBK, java.library.path=E:\software\jdk1.7x64\bin;C:\Windows\Sun\Java\bin;C:\Windows\system32;C:\Windows;d:\app\Administrator\product\12.1.0\dbhome_1\bin;C:\Windows\system32;C:\Windows;C:\Windows\System32\Wbem;C:\Windows\System32\WindowsPowerShell\v1.0\;C:\Program Files (x86)\ATI Technologies\ATI.ACE\Core-Static;E:\software\jdk1.8x64\jdk\bin;E:\software\maven0339\bin;C:\Program Files\TortoiseSVN\bin;E:\software\visual_svn\bin;C:\Program Files (x86)\Microsoft SQL Server\110\DTS\Binn\;C:\Program Files (x86)\Microsoft SQL Server\110\Tools\Binn\;C:\Program Files (x86)\Microsoft SQL Server\110\Tools\Binn\ManagementStudio\;C:\Program Files (x86)\Microsoft Visual Studio 10.0\Common7\IDE\PrivateAssemblies\;C:\Program Files (x86)\Windows Kits\8.1\Windows Performance Toolkit\;C:\Program Files\Microsoft SQL Server\110\Tools\Binn\;C:\Program Files\TortoiseGit\bin;D:\xampps\perl\bin\;C:\Program Files\MySQL\MySQL Utilities 1.6\;C:\Program Files (x86)\Microsoft VS Code\bin;C:\Users\Administrator\AppData\Local\atom\bin;., hibernate.connection.datasource=org.springframework.jdbc.datasource.DriverManagerDataSource@7ea8ad98, java.specification.name=Java Platform API Specification, java.class.version=51.0, sun.management.compiler=HotSpot 64-Bit Tiered Compilers, os.version=6.1, user.home=C:\Users\Administrator, user.timezone=Asia/Shanghai, java.awt.printerjob=sun.awt.windows.WPrinterJob, java.specification.version=1.7, file.encoding=UTF-8, hibernate.format_sql=false, user.name=Administrator, java.class.path=E:\software\jetbrains\IntelliJ IDEA 2016.2.4\lib\idea_rt.jar;E:\software\jetbrains\IntelliJ IDEA 2016.2.4\plugins\junit\lib\junit-rt.jar;E:\software\jdk1.7x64\jre\lib\charsets.jar;E:\software\jdk1.7x64\jre\lib\deploy.jar;E:\software\jdk1.7x64\jre\lib\ext\access-bridge-64.jar;E:\software\jdk1.7x64\jre\lib\ext\dnsns.jar;E:\software\jdk1.7x64\jre\lib\ext\jaccess.jar;E:\software\jdk1.7x64\jre\lib\ext\localedata.jar;E:\software\jdk1.7x64\jre\lib\ext\sunec.jar;E:\software\jdk1.7x64\jre\lib\ext\sunjce_provider.jar;E:\software\jdk1.7x64\jre\lib\ext\sunmscapi.jar;E:\software\jdk1.7x64\jre\lib\ext\zipfs.jar;E:\software\jdk1.7x64\jre\lib\javaws.jar;E:\software\jdk1.7x64\jre\lib\jce.jar;E:\software\jdk1.7x64\jre\lib\jfr.jar;E:\software\jdk1.7x64\jre\lib\jfxrt.jar;E:\software\jdk1.7x64\jre\lib\jsse.jar;E:\software\jdk1.7x64\jre\lib\management-agent.jar;E:\software\jdk1.7x64\jre\lib\plugin.jar;E:\software\jdk1.7x64\jre\lib\resources.jar;E:\software\jdk1.7x64\jre\lib\rt.jar;D:\idea2016WK\javaee7out\default\test\javaee7tools2016.10;D:\idea2016WK\javaee7out\default\production\javaee7tools2016.10;E:\software\java_jars\Jar\tomcat6_7_8\7\tomcat7x64_idea\lib\jsp-api.jar;E:\software\java_jars\Jar\tomcat6_7_8\7\tomcat7x64_idea\lib\servlet-api.jar;D:\idea2016WK\libs\antlr-2.7.7.jar;D:\idea2016WK\libs\aopalliance-1.0.jar;D:\idea2016WK\libs\asm-3.3.jar;D:\idea2016WK\libs\asm-commons-3.3.jar;D:\idea2016WK\libs\asm-tree-3.3.jar;D:\idea2016WK\libs\aspectjweaver-1.8.5.jar;D:\idea2016WK\libs\commons-beanutils-1.8.0.jar;D:\idea2016WK\libs\commons-collections-3.2.1.jar;D:\idea2016WK\libs\commons-fileupload-1.3.jar;D:\idea2016WK\libs\commons-io-2.2.jar;D:\idea2016WK\libs\commons-lang-2.5.jar;D:\idea2016WK\libs\commons-logging-1.2.jar;D:\idea2016WK\libs\dom4j-1.6.1.jar;D:\idea2016WK\libs\ezmorph-1.0.6.jar;D:\idea2016WK\libs\freemarker-2.3.19.jar;D:\idea2016WK\libs\hibernate-commons-annotations-4.0.4.Final.jar;D:\idea2016WK\libs\hibernate-core-4.3.1.Final.jar;D:\idea2016WK\libs\hibernate-jpa-2.1-api-1.0.0.Draft-16.jar;D:\idea2016WK\libs\jandex-1.1.0.Final.jar;D:\idea2016WK\libs\javassist-3.18.1-GA.jar;D:\idea2016WK\libs\jboss-logging-3.1.3.GA.jar;D:\idea2016WK\libs\jboss-logging-annotations-1.2.0.Beta1.jar;D:\idea2016WK\libs\jboss-transaction-api_1.2_spec-1.0.0.Final.jar;D:\idea2016WK\libs\json-lib-2.4-jdk15.jar;D:\idea2016WK\libs\log4j-1.2.17.jar;D:\idea2016WK\libs\mysql-connector-java-5.1.35-bin.jar;D:\idea2016WK\libs\ognl-3.0.6.jar;D:\idea2016WK\libs\oracle-driver-ojdbc-12.1.0.2.jar;D:\idea2016WK\libs\slf4j-api-1.7.10.jar;D:\idea2016WK\libs\slf4j-log4j12-1.7.10.jar;D:\idea2016WK\libs\spring-aop-4.1.6.RELEASE.jar;D:\idea2016WK\libs\spring-aspects-4.1.6.RELEASE.jar;D:\idea2016WK\libs\spring-beans-4.1.6.RELEASE.jar;D:\idea2016WK\libs\spring-context-4.1.6.RELEASE.jar;D:\idea2016WK\libs\spring-context-support-4.1.6.RELEASE.jar;D:\idea2016WK\libs\spring-core-4.1.6.RELEASE.jar;D:\idea2016WK\libs\spring-expression-4.1.6.RELEASE.jar;D:\idea2016WK\libs\spring-instrument-4.1.6.RELEASE.jar;D:\idea2016WK\libs\spring-instrument-tomcat-4.1.6.RELEASE.jar;D:\idea2016WK\libs\spring-jdbc-4.1.6.RELEASE.jar;D:\idea2016WK\libs\spring-jms-4.1.6.RELEASE.jar;D:\idea2016WK\libs\spring-messaging-4.1.6.RELEASE.jar;D:\idea2016WK\libs\spring-orm-4.1.6.RELEASE.jar;D:\idea2016WK\libs\spring-oxm-4.1.6.RELEASE.jar;D:\idea2016WK\libs\spring-test-4.1.6.RELEASE.jar;D:\idea2016WK\libs\spring-tx-4.1.6.RELEASE.jar;D:\idea2016WK\libs\spring-web-4.1.6.RELEASE.jar;D:\idea2016WK\libs\spring-webmvc-4.1.6.RELEASE.jar;D:\idea2016WK\libs\spring-webmvc-portlet-4.1.6.RELEASE.jar;D:\idea2016WK\libs\spring-websocket-4.1.6.RELEASE.jar;D:\idea2016WK\libs\struts2-core-2.3.16.jar;D:\idea2016WK\libs\struts2-json-plugin-2.3.16.jar;D:\idea2016WK\libs\struts2-spring-plugin-2.3.16.jar;D:\idea2016WK\libs\xml-apis-1.0.b2.jar;D:\idea2016WK\libs\xwork-core-2.3.16.jar;D:\idea2016WK\hamcrest-all-1.3.jar;D:\idea2016WK\junit-4.11.jar;D:\idea2016WK\javaee7out\default\production\hibernate-domain;D:\idea2016WK\javaee7out\default\production\javaee7-core, hibernate.bytecode.use_reflection_optimizer=false, hibernate.show_sql=true, hibernate.classLoader.application=sun.misc.Launcher$AppClassLoader@4537ef34, java.vm.specification.version=1.7, sun.arch.data.model=64, java.home=E:\software\jdk1.7x64\jre, sun.java.command=com.intellij.rt.execution.junit.JUnitStarter -ideVersion5 qin.javaee7.test.MakeDefaultTable,daoTest, hibernate.dialect=org.hibernate.dialect.Oracle10gDialect, java.specification.vendor=Oracle Corporation, user.language=zh, awt.toolkit=sun.awt.windows.WToolkit, java.vm.info=mixed mode, java.version=1.7.0_45, java.ext.dirs=E:\software\jdk1.7x64\jre\lib\ext;C:\Windows\Sun\Java\lib\ext, sun.boot.class.path=E:\software\jdk1.7x64\jre\lib\resources.jar;E:\software\jdk1.7x64\jre\lib\rt.jar;E:\software\jdk1.7x64\jre\lib\sunrsasign.jar;E:\software\jdk1.7x64\jre\lib\jsse.jar;E:\software\jdk1.7x64\jre\lib\jce.jar;E:\software\jdk1.7x64\jre\lib\charsets.jar;E:\software\jdk1.7x64\jre\lib\jfr.jar;E:\software\jdk1.7x64\jre\classes, java.vendor=Oracle Corporation, idea.junit.sm_runner=, file.separator=\, java.vendor.url.bug=http://bugreport.sun.com/bugreport/, hibernate.hbm2ddl.auto=update, sun.cpu.endian=little, sun.io.unicode.encoding=UnicodeLittle, sun.desktop=windows, sun.cpu.isalist=amd64}
17:49:21,543 DEBUG JaccIntegrator:90 - Skipping JACC integration as it was not enabled
17:49:21,543 DEBUG DefaultIdentifierGeneratorFactory:107 - Setting dialect [org.hibernate.dialect.Oracle10gDialect]
17:49:21,886 DEBUG AbstractEntityPersister:3670 - Static SQL for entity: qin.javaee7.hibernate.domain.JavaEE7PO
17:49:21,886 DEBUG AbstractEntityPersister:3675 -  Version select: select id from javaee7_po where id =?
17:49:21,886 DEBUG AbstractEntityPersister:3678 -  Snapshot select: select javaee7po_.id from javaee7_po javaee7po_ where javaee7po_.id=?
17:49:21,886 DEBUG AbstractEntityPersister:3681 -  Insert 0: insert into javaee7_po (id) values (?)
17:49:21,886 DEBUG AbstractEntityPersister:3682 -  Update 0: null
17:49:21,886 DEBUG AbstractEntityPersister:3683 -  Delete 0: delete from javaee7_po where id=?
17:49:21,964 DEBUG QuerySpacesImpl:177 - Adding QuerySpace : uid = <gen:0> -> org.hibernate.loader.plan.build.internal.spaces.EntityQuerySpaceImpl@6a7a8cb9]
17:49:21,964 DEBUG FetchStyleLoadPlanBuildingAssociationVisitationStrategy:94 - Building LoadPlan...
17:49:21,996 DEBUG LoadQueryJoinAndFetchProcessor:111 - processing queryspace <gen:0>
17:49:22,012 DEBUG LoadPlanTreePrinter:72 - LoadPlan(entity=qin.javaee7.hibernate.domain.JavaEE7PO)
    - Returns
       - EntityReturnImpl(entity=qin.javaee7.hibernate.domain.JavaEE7PO, querySpaceUid=<gen:0>, path=qin.javaee7.hibernate.domain.JavaEE7PO)
    - QuerySpaces
       - EntityQuerySpaceImpl(uid=<gen:0>, entity=qin.javaee7.hibernate.domain.JavaEE7PO)
          - SQL table alias mapping - javaee7po0_
          - alias suffix - 0_
          - suffixed key columns - {id1_0_0_}

17:49:22,012 DEBUG EntityLoader:146 - Static select for entity qin.javaee7.hibernate.domain.JavaEE7PO [NONE]: select javaee7po0_.id as id1_0_0_ from javaee7_po javaee7po0_ where javaee7po0_.id=?
17:49:22,028 DEBUG QuerySpacesImpl:177 - Adding QuerySpace : uid = <gen:0> -> org.hibernate.loader.plan.build.internal.spaces.EntityQuerySpaceImpl@7a7227e6]
17:49:22,028 DEBUG FetchStyleLoadPlanBuildingAssociationVisitationStrategy:94 - Building LoadPlan...
17:49:22,028 DEBUG LoadQueryJoinAndFetchProcessor:111 - processing queryspace <gen:0>
17:49:22,028 DEBUG LoadPlanTreePrinter:72 - LoadPlan(entity=qin.javaee7.hibernate.domain.JavaEE7PO)
    - Returns
       - EntityReturnImpl(entity=qin.javaee7.hibernate.domain.JavaEE7PO, querySpaceUid=<gen:0>, path=qin.javaee7.hibernate.domain.JavaEE7PO)
    - QuerySpaces
       - EntityQuerySpaceImpl(uid=<gen:0>, entity=qin.javaee7.hibernate.domain.JavaEE7PO)
          - SQL table alias mapping - javaee7po0_
          - alias suffix - 0_
          - suffixed key columns - {id1_0_0_}

17:49:22,028 DEBUG EntityLoader:146 - Static select for entity qin.javaee7.hibernate.domain.JavaEE7PO [READ]: select javaee7po0_.id as id1_0_0_ from javaee7_po javaee7po0_ where javaee7po0_.id=?
17:49:22,028 DEBUG QuerySpacesImpl:177 - Adding QuerySpace : uid = <gen:0> -> org.hibernate.loader.plan.build.internal.spaces.EntityQuerySpaceImpl@6ce0dfbf]
17:49:22,028 DEBUG FetchStyleLoadPlanBuildingAssociationVisitationStrategy:94 - Building LoadPlan...
17:49:22,028 DEBUG LoadQueryJoinAndFetchProcessor:111 - processing queryspace <gen:0>
17:49:22,028 DEBUG LoadPlanTreePrinter:72 - LoadPlan(entity=qin.javaee7.hibernate.domain.JavaEE7PO)
    - Returns
       - EntityReturnImpl(entity=qin.javaee7.hibernate.domain.JavaEE7PO, querySpaceUid=<gen:0>, path=qin.javaee7.hibernate.domain.JavaEE7PO)
    - QuerySpaces
       - EntityQuerySpaceImpl(uid=<gen:0>, entity=qin.javaee7.hibernate.domain.JavaEE7PO)
          - SQL table alias mapping - javaee7po0_
          - alias suffix - 0_
          - suffixed key columns - {id1_0_0_}

17:49:22,028 DEBUG EntityLoader:146 - Static select for entity qin.javaee7.hibernate.domain.JavaEE7PO [UPGRADE]: select javaee7po0_.id as id1_0_0_ from javaee7_po javaee7po0_ where javaee7po0_.id=? for update
17:49:22,028 DEBUG QuerySpacesImpl:177 - Adding QuerySpace : uid = <gen:0> -> org.hibernate.loader.plan.build.internal.spaces.EntityQuerySpaceImpl@7a603edf]
17:49:22,028 DEBUG FetchStyleLoadPlanBuildingAssociationVisitationStrategy:94 - Building LoadPlan...
17:49:22,028 DEBUG LoadQueryJoinAndFetchProcessor:111 - processing queryspace <gen:0>
17:49:22,028 DEBUG LoadPlanTreePrinter:72 - LoadPlan(entity=qin.javaee7.hibernate.domain.JavaEE7PO)
    - Returns
       - EntityReturnImpl(entity=qin.javaee7.hibernate.domain.JavaEE7PO, querySpaceUid=<gen:0>, path=qin.javaee7.hibernate.domain.JavaEE7PO)
    - QuerySpaces
       - EntityQuerySpaceImpl(uid=<gen:0>, entity=qin.javaee7.hibernate.domain.JavaEE7PO)
          - SQL table alias mapping - javaee7po0_
          - alias suffix - 0_
          - suffixed key columns - {id1_0_0_}

17:49:22,028 DEBUG EntityLoader:146 - Static select for entity qin.javaee7.hibernate.domain.JavaEE7PO [UPGRADE_NOWAIT]: select javaee7po0_.id as id1_0_0_ from javaee7_po javaee7po0_ where javaee7po0_.id=? for update nowait
17:49:22,028 DEBUG QuerySpacesImpl:177 - Adding QuerySpace : uid = <gen:0> -> org.hibernate.loader.plan.build.internal.spaces.EntityQuerySpaceImpl@115c8f0e]
17:49:22,043 DEBUG FetchStyleLoadPlanBuildingAssociationVisitationStrategy:94 - Building LoadPlan...
17:49:22,043 DEBUG LoadQueryJoinAndFetchProcessor:111 - processing queryspace <gen:0>
17:49:22,043 DEBUG LoadPlanTreePrinter:72 - LoadPlan(entity=qin.javaee7.hibernate.domain.JavaEE7PO)
    - Returns
       - EntityReturnImpl(entity=qin.javaee7.hibernate.domain.JavaEE7PO, querySpaceUid=<gen:0>, path=qin.javaee7.hibernate.domain.JavaEE7PO)
    - QuerySpaces
       - EntityQuerySpaceImpl(uid=<gen:0>, entity=qin.javaee7.hibernate.domain.JavaEE7PO)
          - SQL table alias mapping - javaee7po0_
          - alias suffix - 0_
          - suffixed key columns - {id1_0_0_}

17:49:22,043 DEBUG EntityLoader:146 - Static select for entity qin.javaee7.hibernate.domain.JavaEE7PO [UPGRADE_SKIPLOCKED]: select javaee7po0_.id as id1_0_0_ from javaee7_po javaee7po0_ where javaee7po0_.id=? for update skip locked
17:49:22,043 DEBUG QuerySpacesImpl:177 - Adding QuerySpace : uid = <gen:0> -> org.hibernate.loader.plan.build.internal.spaces.EntityQuerySpaceImpl@488878cd]
17:49:22,043 DEBUG FetchStyleLoadPlanBuildingAssociationVisitationStrategy:94 - Building LoadPlan...
17:49:22,043 DEBUG LoadQueryJoinAndFetchProcessor:111 - processing queryspace <gen:0>
17:49:22,043 DEBUG LoadPlanTreePrinter:72 - LoadPlan(entity=qin.javaee7.hibernate.domain.JavaEE7PO)
    - Returns
       - EntityReturnImpl(entity=qin.javaee7.hibernate.domain.JavaEE7PO, querySpaceUid=<gen:0>, path=qin.javaee7.hibernate.domain.JavaEE7PO)
    - QuerySpaces
       - EntityQuerySpaceImpl(uid=<gen:0>, entity=qin.javaee7.hibernate.domain.JavaEE7PO)
          - SQL table alias mapping - javaee7po0_
          - alias suffix - 0_
          - suffixed key columns - {id1_0_0_}

17:49:22,043 DEBUG EntityLoader:146 - Static select for entity qin.javaee7.hibernate.domain.JavaEE7PO [FORCE]: select javaee7po0_.id as id1_0_0_ from javaee7_po javaee7po0_ where javaee7po0_.id=? for update nowait
17:49:22,043 DEBUG QuerySpacesImpl:177 - Adding QuerySpace : uid = <gen:0> -> org.hibernate.loader.plan.build.internal.spaces.EntityQuerySpaceImpl@8c09fa7]
17:49:22,043 DEBUG FetchStyleLoadPlanBuildingAssociationVisitationStrategy:94 - Building LoadPlan...
17:49:22,043 DEBUG LoadQueryJoinAndFetchProcessor:111 - processing queryspace <gen:0>
17:49:22,043 DEBUG LoadPlanTreePrinter:72 - LoadPlan(entity=qin.javaee7.hibernate.domain.JavaEE7PO)
    - Returns
       - EntityReturnImpl(entity=qin.javaee7.hibernate.domain.JavaEE7PO, querySpaceUid=<gen:0>, path=qin.javaee7.hibernate.domain.JavaEE7PO)
    - QuerySpaces
       - EntityQuerySpaceImpl(uid=<gen:0>, entity=qin.javaee7.hibernate.domain.JavaEE7PO)
          - SQL table alias mapping - javaee7po0_
          - alias suffix - 0_
          - suffixed key columns - {id1_0_0_}

17:49:22,043 DEBUG EntityLoader:146 - Static select for entity qin.javaee7.hibernate.domain.JavaEE7PO [PESSIMISTIC_READ]: select javaee7po0_.id as id1_0_0_ from javaee7_po javaee7po0_ where javaee7po0_.id=? for update
17:49:22,043 DEBUG QuerySpacesImpl:177 - Adding QuerySpace : uid = <gen:0> -> org.hibernate.loader.plan.build.internal.spaces.EntityQuerySpaceImpl@4842dc3e]
17:49:22,043 DEBUG FetchStyleLoadPlanBuildingAssociationVisitationStrategy:94 - Building LoadPlan...
17:49:22,059 DEBUG LoadQueryJoinAndFetchProcessor:111 - processing queryspace <gen:0>
17:49:22,059 DEBUG LoadPlanTreePrinter:72 - LoadPlan(entity=qin.javaee7.hibernate.domain.JavaEE7PO)
    - Returns
       - EntityReturnImpl(entity=qin.javaee7.hibernate.domain.JavaEE7PO, querySpaceUid=<gen:0>, path=qin.javaee7.hibernate.domain.JavaEE7PO)
    - QuerySpaces
       - EntityQuerySpaceImpl(uid=<gen:0>, entity=qin.javaee7.hibernate.domain.JavaEE7PO)
          - SQL table alias mapping - javaee7po0_
          - alias suffix - 0_
          - suffixed key columns - {id1_0_0_}

17:49:22,059 DEBUG EntityLoader:146 - Static select for entity qin.javaee7.hibernate.domain.JavaEE7PO [PESSIMISTIC_WRITE]: select javaee7po0_.id as id1_0_0_ from javaee7_po javaee7po0_ where javaee7po0_.id=? for update
17:49:22,059 DEBUG QuerySpacesImpl:177 - Adding QuerySpace : uid = <gen:0> -> org.hibernate.loader.plan.build.internal.spaces.EntityQuerySpaceImpl@322caef4]
17:49:22,059 DEBUG FetchStyleLoadPlanBuildingAssociationVisitationStrategy:94 - Building LoadPlan...
17:49:22,059 DEBUG LoadQueryJoinAndFetchProcessor:111 - processing queryspace <gen:0>
17:49:22,059 DEBUG LoadPlanTreePrinter:72 - LoadPlan(entity=qin.javaee7.hibernate.domain.JavaEE7PO)
    - Returns
       - EntityReturnImpl(entity=qin.javaee7.hibernate.domain.JavaEE7PO, querySpaceUid=<gen:0>, path=qin.javaee7.hibernate.domain.JavaEE7PO)
    - QuerySpaces
       - EntityQuerySpaceImpl(uid=<gen:0>, entity=qin.javaee7.hibernate.domain.JavaEE7PO)
          - SQL table alias mapping - javaee7po0_
          - alias suffix - 0_
          - suffixed key columns - {id1_0_0_}

17:49:22,059 DEBUG EntityLoader:146 - Static select for entity qin.javaee7.hibernate.domain.JavaEE7PO [PESSIMISTIC_FORCE_INCREMENT]: select javaee7po0_.id as id1_0_0_ from javaee7_po javaee7po0_ where javaee7po0_.id=? for update nowait
17:49:22,059 DEBUG QuerySpacesImpl:177 - Adding QuerySpace : uid = <gen:0> -> org.hibernate.loader.plan.build.internal.spaces.EntityQuerySpaceImpl@62458b61]
17:49:22,074 DEBUG FetchStyleLoadPlanBuildingAssociationVisitationStrategy:94 - Building LoadPlan...
17:49:22,074 DEBUG LoadQueryJoinAndFetchProcessor:111 - processing queryspace <gen:0>
17:49:22,074 DEBUG LoadPlanTreePrinter:72 - LoadPlan(entity=qin.javaee7.hibernate.domain.JavaEE7PO)
    - Returns
       - EntityReturnImpl(entity=qin.javaee7.hibernate.domain.JavaEE7PO, querySpaceUid=<gen:0>, path=qin.javaee7.hibernate.domain.JavaEE7PO)
    - QuerySpaces
       - EntityQuerySpaceImpl(uid=<gen:0>, entity=qin.javaee7.hibernate.domain.JavaEE7PO)
          - SQL table alias mapping - javaee7po0_
          - alias suffix - 0_
          - suffixed key columns - {id1_0_0_}

17:49:22,074 DEBUG EntityLoader:146 - Static select for entity qin.javaee7.hibernate.domain.JavaEE7PO [OPTIMISTIC]: select javaee7po0_.id as id1_0_0_ from javaee7_po javaee7po0_ where javaee7po0_.id=?
17:49:22,074 DEBUG QuerySpacesImpl:177 - Adding QuerySpace : uid = <gen:0> -> org.hibernate.loader.plan.build.internal.spaces.EntityQuerySpaceImpl@650f5b42]
17:49:22,074 DEBUG FetchStyleLoadPlanBuildingAssociationVisitationStrategy:94 - Building LoadPlan...
17:49:22,074 DEBUG LoadQueryJoinAndFetchProcessor:111 - processing queryspace <gen:0>
17:49:22,074 DEBUG LoadPlanTreePrinter:72 - LoadPlan(entity=qin.javaee7.hibernate.domain.JavaEE7PO)
    - Returns
       - EntityReturnImpl(entity=qin.javaee7.hibernate.domain.JavaEE7PO, querySpaceUid=<gen:0>, path=qin.javaee7.hibernate.domain.JavaEE7PO)
    - QuerySpaces
       - EntityQuerySpaceImpl(uid=<gen:0>, entity=qin.javaee7.hibernate.domain.JavaEE7PO)
          - SQL table alias mapping - javaee7po0_
          - alias suffix - 0_
          - suffixed key columns - {id1_0_0_}

17:49:22,074 DEBUG EntityLoader:146 - Static select for entity qin.javaee7.hibernate.domain.JavaEE7PO [OPTIMISTIC_FORCE_INCREMENT]: select javaee7po0_.id as id1_0_0_ from javaee7_po javaee7po0_ where javaee7po0_.id=?
17:49:22,121 DEBUG Loader:56 - Static select for action ACTION_MERGE on entity qin.javaee7.hibernate.domain.JavaEE7PO: select javaee7po0_.id as id1_0_0_ from javaee7_po javaee7po0_ where javaee7po0_.id=?
17:49:22,121 DEBUG Loader:56 - Static select for action ACTION_REFRESH on entity qin.javaee7.hibernate.domain.JavaEE7PO: select javaee7po0_.id as id1_0_0_ from javaee7_po javaee7po0_ where javaee7po0_.id=?
17:49:22,121 DEBUG SessionFactoryRegistry:67 - Initializing SessionFactoryRegistry : org.hibernate.internal.SessionFactoryRegistry@627f29ad
17:49:22,121 DEBUG SessionFactoryRegistry:89 - Registering SessionFactory: 1764a6f2-ebae-47e1-a97f-bbcc4e0c7e48 (<unnamed>)
17:49:22,121 DEBUG SessionFactoryRegistry:96 - Not binding SessionFactory to JNDI, no JNDI name configured
17:49:22,137 DEBUG SessionFactoryImpl:504 - Instantiated session factory
17:49:22,152  INFO SchemaUpdate:182 - HHH000228: Running hbm2ddl schema update
17:49:22,152  INFO SchemaUpdate:193 - HHH000102: Fetching database metadata
17:49:23,386  INFO SchemaUpdate:205 - HHH000396: Updating schema
17:49:23,386 DEBUG Configuration:3750 - Processing hbm.xml files
17:49:23,386 DEBUG Configuration:3780 - Process annotated classes
17:49:23,386 DEBUG Configuration:1482 - Processing fk mappings (*ToOne and JoinedSubclass)
17:49:23,386 DEBUG Configuration:1687 - Processing extends queue
17:49:23,386 DEBUG Configuration:1745 - Processing extends queue
17:49:23,386 DEBUG Configuration:1690 - Processing collection mappings
17:49:23,386 DEBUG Configuration:1700 - Processing native query and ResultSetMapping mappings
17:49:23,386 DEBUG Configuration:1708 - Processing association property references
17:49:23,386 DEBUG Configuration:1730 - Creating tables' unique integer identifiers
17:49:23,386 DEBUG Configuration:1731 - Processing foreign key constraints
17:49:23,885  INFO TableMetadata:66 - HHH000261: Table found: OYJR_RZHX.JAVAEE7_PO
17:49:23,885  INFO TableMetadata:67 - HHH000037: Columns: [id]
17:49:23,885  INFO TableMetadata:69 - HHH000108: Foreign keys: []
17:49:23,885  INFO TableMetadata:70 - HHH000126: Indexes: [sys_c0013917]
17:49:23,885 DEBUG DefaultIdentifierGeneratorFactory:107 - Setting dialect [org.hibernate.dialect.Oracle10gDialect]
17:49:23,885  INFO SchemaUpdate:242 - HHH000232: Schema update complete
17:49:23,932 DEBUG NamedQueryRepository:155 - Checking 0 named HQL queries
17:49:23,932 DEBUG NamedQueryRepository:171 - Checking 0 named SQL queries
17:49:23,948 DEBUG StatisticsInitiator:110 - Statistics initialized [enabled=false]
17:49:24,073  INFO HibernateTransactionManager:360 - Using DataSource [org.springframework.jdbc.datasource.DriverManagerDataSource@7ea8ad98] of Hibernate SessionFactory for HibernateTransactionManager
17:49:24,400 DEBUG QueryTranslatorImpl:294 - parse() - HQL: from qin.javaee7.hibernate.domain.JavaEE7PO
17:49:24,416 DEBUG QueryTranslatorImpl:312 - --- HQL AST ---
 \-[QUERY] Node: 'query'
    \-[SELECT_FROM] Node: 'SELECT_FROM'
       \-[FROM] Node: 'from'
          \-[RANGE] Node: 'RANGE'
             \-[DOT] Node: '.'
                +-[DOT] Node: '.'
                |  +-[DOT] Node: '.'
                |  |  +-[DOT] Node: '.'
                |  |  |  +-[IDENT] Node: 'qin'
                |  |  |  \-[IDENT] Node: 'javaee7'
                |  |  \-[IDENT] Node: 'hibernate'
                |  \-[IDENT] Node: 'domain'
                \-[IDENT] Node: 'JavaEE7PO'

17:49:24,416 DEBUG ErrorCounter:113 - throwQueryException() : no errors
17:49:24,463 DEBUG HqlSqlBaseWalker:121 - select << begin [level=1, statement=select]
17:49:24,525 DEBUG FromElement:158 - FromClause{level=1} : qin.javaee7.hibernate.domain.JavaEE7PO (<no alias>) -> javaee7po0_
17:49:24,525 DEBUG HqlSqlBaseWalker:125 - select : finishing up [level=1, statement=select]
17:49:24,525 DEBUG HqlSqlWalker:664 - processQuery() :  ( SELECT ( FromClause{level=1} javaee7_po javaee7po0_ ) )
17:49:24,541 DEBUG HqlSqlWalker:933 - Derived SELECT clause created.
17:49:24,541 DEBUG JoinProcessor:187 - Using FROM fragment [javaee7_po javaee7po0_]
17:49:24,556 DEBUG HqlSqlBaseWalker:129 - select >> end [level=1, statement=select]
17:49:24,556 DEBUG QueryTranslatorImpl:281 - --- SQL AST ---
 \-[SELECT] QueryNode: 'SELECT'  querySpaces (javaee7_po)
    +-[SELECT_CLAUSE] SelectClause: '{derived select clause}'
    |  \-[SELECT_EXPR] SelectExpressionImpl: 'javaee7po0_.id as id1_0_' {FromElement{explicit,not a collection join,not a fetch join,fetch non-lazy properties,classAlias=null,role=null,tableName=javaee7_po,tableAlias=javaee7po0_,origin=null,columns={,className=qin.javaee7.hibernate.domain.JavaEE7PO}}}
    \-[FROM] FromClause: 'from' FromClause{level=1, fromElementCounter=1, fromElements=1, fromElementByClassAlias=[], fromElementByTableAlias=[javaee7po0_], fromElementsByPath=[], collectionJoinFromElementsByPath=[], impliedElements=[]}
       \-[FROM_FRAGMENT] FromElement: 'javaee7_po javaee7po0_' FromElement{explicit,not a collection join,not a fetch join,fetch non-lazy properties,classAlias=null,role=null,tableName=javaee7_po,tableAlias=javaee7po0_,origin=null,columns={,className=qin.javaee7.hibernate.domain.JavaEE7PO}}

17:49:24,556 DEBUG ErrorCounter:113 - throwQueryException() : no errors
17:49:24,572 DEBUG QueryTranslatorImpl:263 - HQL: from qin.javaee7.hibernate.domain.JavaEE7PO
17:49:24,572 DEBUG QueryTranslatorImpl:264 - SQL: select javaee7po0_.id as id1_0_ from javaee7_po javaee7po0_
17:49:24,572 DEBUG ErrorCounter:113 - throwQueryException() : no errors
17:49:24,759 DEBUG SQL:109 - select javaee7po0_.id as id1_0_ from javaee7_po javaee7po0_
17:49:24,759 DEBUG LogicalConnectionImpl:226 - Obtaining JDBC connection
17:49:25,337 DEBUG LogicalConnectionImpl:232 - Obtained JDBC connection
17:49:25,353 DEBUG Loader:951 - Result set row: 0
17:49:25,353 DEBUG Loader:1485 - Result row: EntityKey[qin.javaee7.hibernate.domain.JavaEE7PO#1]
17:49:25,368 DEBUG Loader:951 - Result set row: 1
17:49:25,368 DEBUG Loader:1485 - Result row: EntityKey[qin.javaee7.hibernate.domain.JavaEE7PO#2]
17:49:25,368 DEBUG TwoPhaseLoad:160 - Resolving associations for [qin.javaee7.hibernate.domain.JavaEE7PO#1]
17:49:25,478 DEBUG TwoPhaseLoad:286 - Done materializing entity [qin.javaee7.hibernate.domain.JavaEE7PO#1]
17:49:25,493 DEBUG TwoPhaseLoad:160 - Resolving associations for [qin.javaee7.hibernate.domain.JavaEE7PO#2]
17:49:25,493 DEBUG TwoPhaseLoad:286 - Done materializing entity [qin.javaee7.hibernate.domain.JavaEE7PO#2]
17:49:25,493  INFO JavaEE7Print:75 - HQL:from qin.javaee7.hibernate.domain.JavaEE7PO
:[JavaEE7PO{id=1}JavaEE7PO{id=2}	]=====================
